[debug] [2019-09-08T04:31:29.832Z] ----------------------------------------------------------------------
[debug] [2019-09-08T04:31:29.835Z] Command:       C:\Program Files (x86)\nodejs\node.exe C:\Users\Nguye\AppData\Roaming\npm\node_modules\firebase-tools\lib\bin\firebase.js init
[debug] [2019-09-08T04:31:29.836Z] CLI Version:   7.3.1
[debug] [2019-09-08T04:31:29.836Z] Platform:      win32
[debug] [2019-09-08T04:31:29.836Z] Node Version:  v10.15.0
[debug] [2019-09-08T04:31:29.837Z] Time:          Sun Sep 08 2019 00:31:29 GMT-0400 (Eastern Daylight Time)
[debug] [2019-09-08T04:31:29.837Z] ----------------------------------------------------------------------
[debug] 
[debug] [2019-09-08T04:31:29.846Z] > command requires scopes: ["email","openid","https://www.googleapis.com/auth/cloudplatformprojects.readonly","https://www.googleapis.com/auth/firebase","https://www.googleapis.com/auth/cloud-platform"]
[debug] [2019-09-08T04:31:29.846Z] > authorizing via signed-in user
[info] 
     ######## #### ########  ######## ########     ###     ######  ########
     ##        ##  ##     ## ##       ##     ##  ##   ##  ##       ##
     ######    ##  ########  ######   ########  #########  ######  ######
     ##        ##  ##    ##  ##       ##     ## ##     ##       ## ##
     ##       #### ##     ## ######## ########  ##     ##  ######  ########

You're about to initialize a Firebase project in this directory:

  C:\Users\Nguye\Documents\Programming\safe-net

[info] 
=== Project Setup
[info] 
[info] First, let's associate this project directory with a Firebase project.
[info] You can create multiple project aliases by running firebase use --add, 
[info] but for now we'll just set up a default project.
[info] 
[debug] [2019-09-08T04:33:39.592Z] > refreshing access token with scopes: ["email","https://www.googleapis.com/auth/cloud-platform","https://www.googleapis.com/auth/cloudplatformprojects.readonly","https://www.googleapis.com/auth/firebase","openid"]
[debug] [2019-09-08T04:33:39.593Z] >>> HTTP REQUEST POST https://www.googleapis.com/oauth2/v3/token  
 <request body omitted>
[debug] [2019-09-08T04:33:39.951Z] <<< HTTP RESPONSE 400
[debug] [2019-09-08T04:33:39.954Z] >>> HTTP REQUEST GET https://firebase.googleapis.com/v1beta1/projects?pageSize=100  
 
[debug] [2019-09-08T04:33:41.024Z] <<< HTTP RESPONSE 401
[debug] [2019-09-08T04:33:41.024Z] <<< HTTP RESPONSE BODY
[debug] [2019-09-08T04:33:41.031Z] HTTP Error: 401, Request had invalid authentication credentials. Expected OAuth 2 access token, login cookie or other valid authentication credential. See https://developers.google.com/identity/sign-in/web/devconsole-project.
[debug] [2019-09-08T04:33:41.234Z] FirebaseError: HTTP Error: 401, Request had invalid authentication credentials. Expected OAuth 2 access token, login cookie or other valid authentication credential. See https://developers.google.com/identity/sign-in/web/devconsole-project.
    at module.exports (C:\Users\Nguye\AppData\Roaming\npm\node_modules\firebase-tools\lib\responseToError.js:38:12)
    at Request._callback (C:\Users\Nguye\AppData\Roaming\npm\node_modules\firebase-tools\lib\api.js:39:35)
    at Request.self.callback (C:\Users\Nguye\AppData\Roaming\npm\node_modules\firebase-tools\node_modules\request\request.js:185:22)
    at Request.emit (events.js:182:13)
    at Request.EventEmitter.emit (domain.js:441:20)
    at Request.<anonymous> (C:\Users\Nguye\AppData\Roaming\npm\node_modules\firebase-tools\node_modules\request\request.js:1161:10)
    at Request.emit (events.js:182:13)
    at Request.EventEmitter.emit (domain.js:441:20)
    at IncomingMessage.<anonymous> (C:\Users\Nguye\AppData\Roaming\npm\node_modules\firebase-tools\node_modules\request\request.js:1083:12)
    at Object.onceWrapper (events.js:273:13)
[error] 
[error] Error: Failed to list Firebase projects. See firebase-debug.log for more info.
